2014-03-21 14:34:37:471 - [INFO] - [http.Http] - Démarrage du serveur 
2014-03-21 14:34:37:502 - [INFO] - [http.Console] - Console en attente d'intructions 
2014-03-21 14:34:37:502 - [INFO] - [http.Serveur] - server online 
2014-03-21 14:34:37:602 - [INFO] - [http.Console] - tapez /? pour une liste des commandes supportées 
 
2014-03-21 14:59:44:673 - [ERROR] - [http.Console] - Le lecteur de la console ne fonctionne pas 
2014-03-21 14:59:47:156 - [INFO] - [http.Http] - Démarrage du serveur 
2014-03-21 14:59:47:184 - [INFO] - [http.Console] - Console en attente d'intructions 
2014-03-21 14:59:47:185 - [INFO] - [http.Serveur] - server online 
2014-03-21 14:59:47:285 - [INFO] - [http.Console] - tapez /? pour une liste des commandes supportées 
 
2014-03-21 15:01:04:361 - [ERROR] - [http.Console] - Le lecteur de la console ne fonctionne pas 
2014-03-21 15:02:26:100 - [INFO] - [http.Http] - Démarrage du serveur 
2014-03-21 15:02:26:130 - [INFO] - [http.Console] - Console en attente d'intructions 
2014-03-21 15:02:26:131 - [INFO] - [http.Serveur] - server online 
2014-03-21 15:02:26:231 - [INFO] - [http.Console] - tapez /? pour une liste des commandes supportées 
 
2014-03-21 15:05:31:455 - [INFO] - [http.Http] - Démarrage du serveur 
2014-03-21 15:05:31:483 - [INFO] - [http.Console] - Console en attente d'intructions 
2014-03-21 15:05:31:483 - [INFO] - [http.Serveur] - server online 
2014-03-21 15:05:31:585 - [INFO] - [http.Console] - tapez /? pour une liste des commandes supportées 
 
2014-03-21 16:02:41:089 - [INFO] - [http.Http] - Démarrage du serveur 
2014-03-21 16:02:41:113 - [INFO] - [http.Console] - Console en attente d'intructions 
2014-03-21 16:02:41:113 - [INFO] - [http.Serveur] - server online 
2014-03-21 16:02:41:213 - [INFO] - [http.Console] - tapez /? pour une liste des commandes supportées 
 
2014-03-21 16:02:41:220 - [ERROR] - [http.Console] - Le lecteur de la console ne fonctionne pas 
2014-03-21 16:04:16:970 - [INFO] - [http.Http] - Démarrage du serveur 
2014-03-21 16:04:16:997 - [INFO] - [http.Console] - Console en attente d'intructions 
2014-03-21 16:04:16:998 - [INFO] - [http.Serveur] - server online 
2014-03-21 16:04:17:099 - [INFO] - [http.Console] - tapez /? pour une liste des commandes supportées 
 
2014-03-21 16:04:17:107 - [ERROR] - [http.Console] - Le lecteur de la console ne fonctionne pas 
2014-03-21 16:05:34:979 - [INFO] - [http.Http] - Démarrage du serveur 
2014-03-21 16:05:35:004 - [INFO] - [http.Console] - Console en attente d'intructions 
2014-03-21 16:05:35:005 - [INFO] - [http.Serveur] - server online 
2014-03-21 16:05:35:104 - [INFO] - [http.Console] - tapez /? pour une liste des commandes supportées 
 
2014-03-21 16:05:35:109 - [ERROR] - [http.Console] - Le lecteur de la console ne fonctionne pas 
2014-03-21 16:06:34:839 - [INFO] - [http.Http] - Démarrage du serveur 
2014-03-21 16:06:34:864 - [INFO] - [http.Console] - Console en attente d'intructions 
2014-03-21 16:06:34:864 - [INFO] - [http.Serveur] - server online 
2014-03-21 16:06:34:964 - [INFO] - [http.Console] - tapez /? pour une liste des commandes supportées 
 
2014-03-21 16:06:34:973 - [ERROR] - [http.Console] - Le lecteur de la console ne fonctionne pas 
2014-03-21 16:09:26:710 - [INFO] - [http.Http] - Démarrage du serveur 
2014-03-21 16:09:26:732 - [INFO] - [http.Console] - Console en attente d'intructions 
2014-03-21 16:09:26:732 - [INFO] - [http.Serveur] - server online 
2014-03-21 16:09:26:832 - [INFO] - [http.Console] - tapez /? pour une liste des commandes supportées 
 
2014-03-21 16:09:26:840 - [ERROR] - [http.Console] - Le lecteur de la console ne fonctionne pas 
